0 info it worked if it ends with ok
1 verbose cli [ 'C:\\Program Files (x86)\\nodejs-x86\\\\node.exe',
1 verbose cli   'C:\\Program Files (x86)\\nodejs-x86\\node_modules\\npm\\bin\\npm-cli.js',
1 verbose cli   'install',
1 verbose cli   'tsd@0.8',
1 verbose cli   '-g' ]
2 info using npm@2.11.3
3 info using node@v0.12.7
4 verbose install initial load of C:\Users\Robert\AppData\Roaming\npm\package.json
5 verbose readDependencies loading dependencies from C:\Users\Robert\AppData\Roaming\npm\package.json
6 silly cache add args [ 'tsd@0.8', null ]
7 verbose cache add spec tsd@0.8
8 silly cache add parsed spec { raw: 'tsd@0.8',
8 silly cache add   scope: null,
8 silly cache add   name: 'tsd',
8 silly cache add   rawSpec: '0.8',
8 silly cache add   spec: '>=0.8.0 <0.9.0',
8 silly cache add   type: 'range' }
9 silly addNamed tsd@>=0.8.0 <0.9.0
10 verbose addNamed ">=0.8.0 <0.9.0" is a valid semver range for tsd
11 silly addNameRange { name: 'tsd', range: '>=0.8.0 <0.9.0', hasData: false }
12 silly mapToRegistry name tsd
13 silly mapToRegistry using default registry
14 silly mapToRegistry registry https://registry.npmjs.org/
15 silly mapToRegistry uri https://registry.npmjs.org/tsd
16 verbose addNameRange registry:https://registry.npmjs.org/tsd not in flight; fetching
17 verbose request uri https://registry.npmjs.org/tsd
18 verbose request no auth needed
19 info attempt registry request try #1 at 10:18:51 AM
20 verbose request using bearer token for auth
21 verbose request id 72ae4830cbb07456
22 verbose etag "C2AESRQCLTIV2RIAB8EE4GT4C"
23 http request GET https://registry.npmjs.org/tsd
24 http 304 https://registry.npmjs.org/tsd
25 silly get cb [ 304,
25 silly get   { 'cache-control': 'max-age=60',
25 silly get     'accept-ranges': 'bytes',
25 silly get     date: 'Thu, 12 Nov 2015 16:18:50 GMT',
25 silly get     via: '1.1 varnish',
25 silly get     connection: 'keep-alive',
25 silly get     'x-served-by': 'cache-dfw1824-DFW',
25 silly get     'x-cache': 'MISS',
25 silly get     'x-cache-hits': '0',
25 silly get     'x-timer': 'S1447345130.062362,VS0,VE46' } ]
26 verbose etag https://registry.npmjs.org/tsd from cache
27 verbose get saving tsd to C:\Users\Robert\AppData\Roaming\npm-cache\registry.npmjs.org\tsd\.cache.json
28 silly addNameRange number 2 { name: 'tsd', range: '>=0.8.0 <0.9.0', hasData: true }
29 silly addNameRange versions [ 'tsd',
29 silly addNameRange   [ '0.1.0',
29 silly addNameRange     '0.1.1',
29 silly addNameRange     '0.1.2',
29 silly addNameRange     '0.2.0',
29 silly addNameRange     '0.2.1',
29 silly addNameRange     '0.2.2',
29 silly addNameRange     '0.3.0',
29 silly addNameRange     '0.3.1',
29 silly addNameRange     '0.5.2',
29 silly addNameRange     '0.5.3',
29 silly addNameRange     '0.5.5',
29 silly addNameRange     '0.5.6',
29 silly addNameRange     '0.5.7',
29 silly addNameRange     '0.6.0-beta.1',
29 silly addNameRange     '0.6.0-beta.2',
29 silly addNameRange     '0.6.0-beta.3',
29 silly addNameRange     '0.6.0-beta.4',
29 silly addNameRange     '0.6.0-beta.5',
29 silly addNameRange     '0.6.0',
29 silly addNameRange     '0.6.1',
29 silly addNameRange     '0.6.3',
29 silly addNameRange     '0.6.4-beta',
29 silly addNameRange     '0.6.4',
29 silly addNameRange     '0.6.5-beta',
29 silly addNameRange     '0.6.5-beta.2',
29 silly addNameRange     '0.6.5' ] ]
30 verbose stack Error: No compatible version found: tsd@'>=0.8.0 <0.9.0'
30 verbose stack Valid install targets:
30 verbose stack ["0.1.0","0.1.1","0.1.2","0.2.0","0.2.1","0.2.2","0.3.0","0.3.1","0.5.2","0.5.3","0.5.5","0.5.6","0.5.7","0.6.0-beta.1","0.6.0-beta.2","0.6.0-beta.3","0.6.0-beta.4","0.6.0-beta.5","0.6.0","0.6.1","0.6.3","0.6.4-beta","0.6.4","0.6.5-beta","0.6.5-beta.2","0.6.5"]
30 verbose stack
30 verbose stack     at installTargetsError (C:\Program Files (x86)\nodejs-x86\node_modules\npm\lib\cache\add-named.js:274:12)
30 verbose stack     at next (C:\Program Files (x86)\nodejs-x86\node_modules\npm\lib\cache\add-named.js:253:17)
30 verbose stack     at setData (C:\Program Files (x86)\nodejs-x86\node_modules\npm\lib\cache\add-named.js:230:5)
30 verbose stack     at RES (C:\Program Files (x86)\nodejs-x86\node_modules\npm\node_modules\inflight\inflight.js:23:14)
30 verbose stack     at f (C:\Program Files (x86)\nodejs-x86\node_modules\npm\node_modules\once\once.js:17:25)
30 verbose stack     at fixName (C:\Program Files (x86)\nodejs-x86\node_modules\npm\lib\cache\add-named.js:29:5)
30 verbose stack     at saved (C:\Program Files (x86)\nodejs-x86\node_modules\npm\lib\cache\caching-client.js:173:7)
30 verbose stack     at FSReqWrap.oncomplete (fs.js:95:15)
31 verbose cwd G:\wamp\www\bindings.js
32 error Windows_NT 6.3.9600
33 error argv "C:\\Program Files (x86)\\nodejs-x86\\\\node.exe" "C:\\Program Files (x86)\\nodejs-x86\\node_modules\\npm\\bin\\npm-cli.js" "install" "tsd@0.8" "-g"
34 error node v0.12.7
35 error npm  v2.11.3
36 error code ETARGET
37 error notarget No compatible version found: tsd@'>=0.8.0 <0.9.0'
37 error notarget Valid install targets:
37 error notarget ["0.1.0","0.1.1","0.1.2","0.2.0","0.2.1","0.2.2","0.3.0","0.3.1","0.5.2","0.5.3","0.5.5","0.5.6","0.5.7","0.6.0-beta.1","0.6.0-beta.2","0.6.0-beta.3","0.6.0-beta.4","0.6.0-beta.5","0.6.0","0.6.1","0.6.3","0.6.4-beta","0.6.4","0.6.5-beta","0.6.5-beta.2","0.6.5"]
37 error notarget
37 error notarget This is most likely not a problem with npm itself.
37 error notarget In most cases you or one of your dependencies are requesting
37 error notarget a package version that doesn't exist.
38 verbose exit [ 1, true ]
